TN:
SF:src\app.module.ts
FN:31,(anonymous_1)
FNF:1
FNH:0
FNDA:0,(anonymous_1)
DA:1,0
DA:2,0
DA:3,0
DA:4,0
DA:5,0
DA:6,0
DA:7,0
DA:8,0
DA:9,0
DA:10,0
DA:11,0
DA:12,0
DA:13,0
DA:31,0
DA:42,0
LF:15
LH:0
BRF:0
BRH:0
end_of_record
TN:
SF:src\pubsub.module.ts
FNF:0
FNH:0
DA:1,5
DA:2,5
DA:4,5
DA:6,5
DA:24,5
LF:5
LH:5
BRF:0
BRH:0
end_of_record
TN:
SF:src\auth\auth.constants.ts
FNF:0
FNH:0
DA:1,0
DA:2,0
LF:2
LH:0
BRDA:1,0,0,0
BRDA:1,0,1,0
BRF:2
BRH:0
end_of_record
TN:
SF:src\auth\auth.controller.ts
FN:8,(anonymous_4)
FN:12,(anonymous_5)
FN:18,(anonymous_6)
FN:23,(anonymous_7)
FN:28,(anonymous_8)
FNF:5
FNH:3
FNDA:1,(anonymous_4)
FNDA:1,(anonymous_5)
FNDA:1,(anonymous_6)
FNDA:0,(anonymous_7)
FNDA:0,(anonymous_8)
DA:1,1
DA:2,1
DA:3,1
DA:4,1
DA:7,1
DA:8,1
DA:12,1
DA:13,1
DA:18,1
DA:19,1
DA:23,1
DA:24,0
DA:28,1
DA:29,0
LF:14
LH:12
BRF:0
BRH:0
end_of_record
TN:
SF:src\auth\auth.module.ts
FNF:0
FNH:0
DA:1,0
DA:2,0
DA:3,0
DA:4,0
DA:5,0
DA:6,0
DA:7,0
DA:8,0
DA:9,0
DA:10,0
DA:11,0
DA:12,0
DA:13,0
DA:14,0
DA:15,0
DA:42,0
LF:16
LH:0
BRF:0
BRH:0
end_of_record
TN:
SF:src\auth\auth.service.ts
FN:20,(anonymous_4)
FN:30,(anonymous_5)
FN:64,(anonymous_6)
FN:97,(anonymous_7)
FN:106,(anonymous_8)
FN:111,(anonymous_9)
FN:117,(anonymous_10)
FN:122,(anonymous_11)
FNF:8
FNH:0
FNDA:0,(anonymous_4)
FNDA:0,(anonymous_5)
FNDA:0,(anonymous_6)
FNDA:0,(anonymous_7)
FNDA:0,(anonymous_8)
FNDA:0,(anonymous_9)
FNDA:0,(anonymous_10)
FNDA:0,(anonymous_11)
DA:1,2
DA:2,2
DA:3,2
DA:4,2
DA:7,2
DA:8,2
DA:9,2
DA:10,2
DA:11,2
DA:19,2
DA:21,0
DA:22,0
DA:23,0
DA:24,0
DA:25,0
DA:26,0
DA:32,0
DA:33,0
DA:35,0
DA:36,0
DA:39,0
DA:40,0
DA:42,0
DA:43,0
DA:46,0
DA:47,0
DA:48,0
DA:55,0
DA:56,0
DA:57,0
DA:66,0
DA:67,0
DA:68,0
DA:73,0
DA:76,0
DA:79,0
DA:85,0
DA:88,0
DA:89,0
DA:91,0
DA:98,0
DA:99,0
DA:100,0
DA:103,0
DA:107,0
DA:108,0
DA:112,0
DA:113,0
DA:114,0
DA:119,0
DA:124,0
LF:51
LH:10
BRDA:33,0,0,0
BRDA:36,1,0,0
BRDA:40,2,0,0
BRDA:43,3,0,0
BRDA:47,4,0,0
BRDA:56,5,0,0
BRDA:67,6,0,0
BRDA:73,7,0,0
BRDA:73,7,1,0
BRDA:99,8,0,0
BRDA:99,9,0,0
BRDA:99,9,1,0
BRDA:108,10,0,0
BRDA:108,10,1,0
BRF:14
BRH:0
end_of_record
TN:
SF:src\auth\decorators\current-user.decorator.ts
FN:5,(anonymous_0)
FNF:1
FNH:0
FNDA:0,(anonymous_0)
DA:1,7
DA:2,7
DA:4,7
DA:6,0
DA:7,0
DA:9,0
DA:10,0
LF:7
LH:3
BRDA:6,0,0,0
BRF:1
BRH:0
end_of_record
TN:
SF:src\auth\dto\login.dto.ts
FNF:0
FNH:0
DA:1,1
DA:3,1
DA:5,1
DA:9,1
LF:4
LH:4
BRF:0
BRH:0
end_of_record
TN:
SF:src\auth\dto\register.dto.ts
FNF:0
FNH:0
DA:1,1
DA:3,1
DA:6,1
DA:10,1
DA:15,1
DA:18,1
DA:23,1
DA:27,1
DA:30,1
DA:34,1
LF:10
LH:10
BRF:0
BRH:0
end_of_record
TN:
SF:src\auth\entities\audit-log.entity.ts
FNF:0
FNH:0
DA:1,2
DA:5,2
DA:7,2
DA:10,2
DA:13,2
DA:16,2
DA:19,2
DA:22,2
DA:25,2
LF:9
LH:9
BRF:0
BRH:0
end_of_record
TN:
SF:src\auth\entities\observation-list.entity.ts
FNF:0
FNH:0
DA:1,2
DA:4,2
DA:6,2
DA:9,2
DA:12,2
DA:15,2
DA:18,2
DA:21,2
LF:8
LH:8
BRF:0
BRH:0
end_of_record
TN:
SF:src\auth\entities\permission.entity.ts
FNF:0
FNH:0
DA:1,14
DA:4,14
DA:6,14
DA:9,14
LF:4
LH:4
BRF:0
BRH:0
end_of_record
TN:
SF:src\auth\entities\role.entity.ts
FN:15,(anonymous_2)
FN:20,(anonymous_3)
FN:20,(anonymous_4)
FNF:3
FNH:0
FNDA:0,(anonymous_2)
FNDA:0,(anonymous_3)
FNDA:0,(anonymous_4)
DA:1,14
DA:2,14
DA:3,14
DA:6,14
DA:8,14
DA:11,14
DA:15,0
DA:17,14
DA:20,0
DA:21,14
LF:10
LH:8
BRF:0
BRH:0
end_of_record
TN:
SF:src\auth\entities\user.entity.ts
FN:10,(anonymous_2)
FN:42,(anonymous_3)
FN:42,(anonymous_4)
FN:46,(anonymous_5)
FN:47,(anonymous_6)
FN:47,(anonymous_7)
FN:51,(anonymous_8)
FN:52,(anonymous_9)
FN:52,(anonymous_10)
FNF:9
FNH:3
FNDA:0,(anonymous_2)
FNDA:2,(anonymous_3)
FNDA:0,(anonymous_4)
FNDA:0,(anonymous_5)
FNDA:2,(anonymous_6)
FNDA:0,(anonymous_7)
FNDA:0,(anonymous_8)
FNDA:2,(anonymous_9)
FNDA:0,(anonymous_10)
DA:1,14
DA:2,14
DA:3,14
DA:4,14
DA:5,14
DA:9,14
DA:10,0
DA:12,14
DA:16,14
DA:20,14
DA:24,14
DA:27,14
DA:31,14
DA:35,14
DA:39,14
DA:42,2
DA:43,14
DA:46,0
DA:47,2
DA:48,14
DA:51,0
DA:52,2
DA:53,14
LF:23
LH:20
BRF:0
BRH:0
end_of_record
TN:
SF:src\auth\guards\gql-auth.guard.ts
FN:7,(anonymous_1)
FNF:1
FNH:0
FNDA:0,(anonymous_1)
DA:1,4
DA:2,4
DA:3,4
DA:6,4
DA:8,0
DA:9,0
DA:12,0
DA:13,0
DA:17,0
LF:9
LH:4
BRDA:12,0,0,0
BRDA:12,1,0,0
BRDA:12,1,1,0
BRF:3
BRH:0
end_of_record
TN:
SF:src\auth\guards\jwt-auth.guard.ts
FNF:0
FNH:0
DA:1,3
DA:2,3
DA:5,3
LF:3
LH:3
BRF:0
BRH:0
end_of_record
TN:
SF:src\auth\interceptors\audit.interceptor.ts
FN:13,(anonymous_4)
FN:20,(anonymous_5)
FN:57,(anonymous_6)
FNF:3
FNH:0
FNDA:0,(anonymous_4)
FNDA:0,(anonymous_5)
FNDA:0,(anonymous_6)
DA:1,0
DA:3,0
DA:4,0
DA:5,0
DA:6,0
DA:7,0
DA:8,0
DA:12,0
DA:15,0
DA:17,0
DA:21,0
DA:22,0
DA:23,0
DA:24,0
DA:27,0
DA:28,0
DA:29,0
DA:30,0
DA:31,0
DA:32,0
DA:33,0
DA:37,0
DA:38,0
DA:39,0
DA:40,0
DA:42,0
DA:43,0
DA:45,0
DA:46,0
DA:47,0
DA:51,0
DA:52,0
DA:53,0
DA:56,0
DA:58,0
DA:59,0
DA:60,0
DA:61,0
DA:63,0
DA:71,0
DA:72,0
DA:75,0
DA:81,0
DA:82,0
DA:83,0
DA:85,0
DA:86,0
DA:87,0
DA:88,0
DA:93,0
DA:94,0
DA:99,0
LF:52
LH:0
BRDA:27,0,0,0
BRDA:27,0,1,0
BRDA:29,1,0,0
BRDA:33,2,0,0
BRDA:33,2,1,0
BRDA:37,3,0,0
BRDA:42,4,0,0
BRDA:47,5,0,0
BRDA:47,5,1,0
BRDA:51,6,0,0
BRDA:53,7,0,0
BRDA:53,7,1,0
BRDA:58,8,0,0
BRDA:58,9,0,0
BRDA:58,9,1,0
BRDA:60,10,0,0
BRDA:60,10,1,0
BRDA:66,11,0,0
BRDA:66,11,1,0
BRDA:81,12,0,0
BRDA:85,13,0,0
BRDA:87,14,0,0
BRF:22
BRH:0
end_of_record
TN:
SF:src\auth\strategies\jwt.strategy.ts
FN:20,(anonymous_2)
FN:29,(anonymous_3)
FNF:2
FNH:0
FNDA:0,(anonymous_2)
FNDA:0,(anonymous_3)
DA:1,0
DA:2,0
DA:3,0
DA:4,0
DA:19,0
DA:21,0
DA:30,0
LF:7
LH:0
BRF:0
BRH:0
end_of_record
TN:
SF:src\chat\chat.gateway.ts
FN:11,(anonymous_4)
FN:15,(anonymous_5)
FN:22,(anonymous_6)
FNF:3
FNH:0
FNDA:0,(anonymous_4)
FNDA:0,(anonymous_5)
FNDA:0,(anonymous_6)
DA:1,0
DA:2,0
DA:3,0
DA:7,0
DA:9,0
DA:11,0
DA:15,0
DA:16,0
DA:17,0
DA:22,0
DA:27,0
DA:30,0
LF:12
LH:0
BRF:0
BRH:0
end_of_record
TN:
SF:src\chat\chat.module.ts
FNF:0
FNH:0
DA:1,0
DA:2,0
DA:3,0
DA:4,0
DA:5,0
DA:11,0
LF:6
LH:0
BRF:0
BRH:0
end_of_record
TN:
SF:src\chat\chat.service.ts
FN:8,(anonymous_4)
FN:10,(anonymous_5)
FN:15,(anonymous_6)
FNF:3
FNH:0
FNDA:0,(anonymous_4)
FNDA:0,(anonymous_5)
FNDA:0,(anonymous_6)
DA:1,0
DA:2,0
DA:3,0
DA:4,0
DA:7,0
DA:8,0
DA:11,0
DA:12,0
DA:17,0
LF:9
LH:0
BRF:0
BRH:0
end_of_record
TN:
SF:src\chat\schemas\message.schema.ts
FNF:0
FNH:0
DA:1,0
DA:2,0
DA:5,0
DA:7,0
DA:10,0
DA:13,0
DA:16,0
LF:7
LH:0
BRF:0
BRH:0
end_of_record
TN:
SF:src\generator\faker-compat.ts
FN:5,getFaker
FN:7,(anonymous_1)
FN:14,fakerSync
FN:19,initFaker
FNF:4
FNH:0
FNDA:0,getFaker
FNDA:0,(anonymous_1)
FNDA:0,fakerSync
FNDA:0,initFaker
DA:3,0
DA:5,0
DA:6,0
DA:7,0
DA:8,0
DA:10,0
DA:14,0
DA:15,0
DA:16,0
DA:19,0
DA:20,0
LF:11
LH:0
BRDA:6,0,0,0
BRDA:15,1,0,0
BRF:2
BRH:0
end_of_record
TN:
SF:src\generator\generator.controller.ts
FN:9,(anonymous_4)
FN:12,(anonymous_5)
FN:18,(anonymous_6)
FN:24,(anonymous_7)
FNF:4
FNH:4
FNDA:1,(anonymous_4)
FNDA:1,(anonymous_5)
FNDA:1,(anonymous_6)
FNDA:1,(anonymous_7)
DA:1,1
DA:2,1
DA:3,1
DA:4,1
DA:8,1
DA:9,1
DA:12,1
DA:13,1
DA:18,1
DA:19,1
DA:24,1
DA:25,1
LF:12
LH:12
BRF:0
BRH:0
end_of_record
TN:
SF:src\generator\generator.gateway.ts
FN:14,(anonymous_2)
FN:20,(anonymous_3)
FN:25,(anonymous_4)
FN:31,(anonymous_5)
FN:36,(anonymous_6)
FNF:5
FNH:0
FNDA:0,(anonymous_2)
FNDA:0,(anonymous_3)
FNDA:0,(anonymous_4)
FNDA:0,(anonymous_5)
FNDA:0,(anonymous_6)
DA:1,3
DA:7,3
DA:14,3
DA:16,3
DA:18,0
DA:21,0
DA:22,0
DA:26,0
DA:27,0
DA:32,0
DA:37,0
LF:11
LH:4
BRF:0
BRH:0
end_of_record
TN:
SF:src\generator\generator.module.ts
FNF:0
FNH:0
DA:1,0
DA:2,0
DA:3,0
DA:4,0
DA:5,0
DA:6,0
DA:7,0
DA:14,0
LF:8
LH:0
BRF:0
BRH:0
end_of_record
TN:
SF:src\generator\generator.resolver.ts
FN:12,(anonymous_4)
FN:13,(anonymous_5)
FN:14,(anonymous_6)
FN:21,(anonymous_7)
FN:24,(anonymous_8)
FN:29,(anonymous_9)
FN:34,(anonymous_10)
FN:39,(anonymous_11)
FN:23,(anonymous_12)
FN:28,(anonymous_13)
FN:29,(anonymous_14)
FN:29,(anonymous_15)
FN:33,(anonymous_16)
FN:38,(anonymous_17)
FN:38,(anonymous_18)
FNF:15
FNH:4
FNDA:0,(anonymous_4)
FNDA:0,(anonymous_5)
FNDA:0,(anonymous_6)
FNDA:1,(anonymous_7)
FNDA:1,(anonymous_8)
FNDA:1,(anonymous_9)
FNDA:1,(anonymous_10)
FNDA:0,(anonymous_11)
FNDA:0,(anonymous_12)
FNDA:0,(anonymous_13)
FNDA:0,(anonymous_14)
FNDA:0,(anonymous_15)
FNDA:0,(anonymous_16)
FNDA:0,(anonymous_17)
FNDA:0,(anonymous_18)
DA:1,1
DA:2,1
DA:3,1
DA:4,1
DA:5,1
DA:6,1
DA:7,1
DA:10,1
DA:11,1
DA:12,1
DA:13,1
DA:14,1
DA:15,1
DA:20,1
DA:21,1
DA:23,0
DA:24,1
DA:25,1
DA:28,0
DA:29,1
DA:30,1
DA:33,0
DA:34,1
DA:35,1
DA:38,0
DA:39,1
DA:40,0
LF:27
LH:22
BRDA:30,0,0,1
BRDA:30,0,1,0
BRDA:30,1,0,1
BRDA:30,1,1,0
BRF:4
BRH:2
end_of_record
TN:
SF:src\generator\generator.service.ts
FN:12,(anonymous_4)
FN:13,(anonymous_5)
FN:14,(anonymous_6)
FN:15,(anonymous_7)
FN:16,(anonymous_8)
FN:19,generateProduct
FN:36,(anonymous_10)
FN:42,(anonymous_11)
FN:50,(anonymous_12)
FN:57,(anonymous_13)
FN:71,(anonymous_14)
FN:84,(anonymous_15)
FNF:12
FNH:12
FNDA:7,(anonymous_4)
FNDA:3,(anonymous_5)
FNDA:4,(anonymous_6)
FNDA:1,(anonymous_7)
FNDA:4,(anonymous_8)
FNDA:19,generateProduct
FNDA:6,(anonymous_10)
FNDA:23,(anonymous_11)
FNDA:5,(anonymous_12)
FNDA:2,(anonymous_13)
FNDA:8,(anonymous_14)
FNDA:7,(anonymous_15)
DA:1,3
DA:2,3
DA:3,3
DA:4,3
DA:5,3
DA:6,3
DA:7,3
DA:10,3
DA:11,3
DA:12,7
DA:13,3
DA:14,4
DA:15,1
DA:16,4
DA:20,19
DA:21,19
DA:22,19
DA:33,3
DA:34,6
DA:37,6
DA:38,6
DA:39,6
DA:43,23
DA:44,23
DA:51,5
DA:53,5
DA:54,5
DA:57,5
DA:58,2
DA:61,5
DA:64,5
DA:66,5
DA:67,5
DA:68,5
DA:72,8
DA:73,8
DA:74,5
DA:75,5
DA:77,8
DA:78,8
DA:79,8
DA:80,8
DA:85,7
DA:86,7
DA:88,7
DA:89,7
DA:91,19
DA:92,19
DA:94,7
DA:97,7
DA:98,7
DA:100,7
DA:101,7
LF:53
LH:53
BRDA:45,0,0,23
BRDA:45,0,1,10
BRDA:45,1,0,23
BRDA:45,1,1,10
BRDA:46,2,0,23
BRDA:46,2,1,10
BRDA:46,3,0,23
BRDA:46,3,1,10
BRDA:50,4,0,0
BRDA:50,5,0,0
BRDA:51,6,0,0
BRDA:73,7,0,5
BRDA:86,8,0,0
BRF:13
BRH:9
end_of_record
TN:
SF:src\orders\orders.module.ts
FNF:0
FNH:0
DA:1,0
DA:2,0
DA:3,0
DA:4,0
DA:5,0
DA:6,0
DA:7,0
DA:8,0
DA:19,0
LF:9
LH:0
BRF:0
BRH:0
end_of_record
TN:
SF:src\orders\orders.resolver.ts
FN:18,(anonymous_4)
FN:21,(anonymous_5)
FN:20,(anonymous_6)
FN:15,(anonymous_7)
FN:29,(anonymous_8)
FN:32,(anonymous_9)
FN:42,(anonymous_10)
FN:47,(anonymous_11)
FN:54,(anonymous_12)
FN:61,(anonymous_13)
FN:68,(anonymous_14)
FN:73,(anonymous_15)
FN:78,(anonymous_16)
FN:84,(anonymous_17)
FN:87,(anonymous_18)
FN:90,(anonymous_19)
FN:31,(anonymous_20)
FN:34,(anonymous_21)
FN:35,(anonymous_22)
FN:36,(anonymous_23)
FN:41,(anonymous_24)
FN:42,(anonymous_25)
FN:46,(anonymous_26)
FN:53,(anonymous_27)
FN:54,(anonymous_28)
FN:60,(anonymous_29)
FN:61,(anonymous_30)
FN:67,(anonymous_31)
FN:68,(anonymous_32)
FN:68,(anonymous_33)
FN:68,(anonymous_34)
FN:72,(anonymous_35)
FN:73,(anonymous_36)
FN:73,(anonymous_37)
FN:77,(anonymous_38)
FN:78,(anonymous_39)
FN:83,(anonymous_40)
FN:83,(anonymous_41)
FN:86,(anonymous_42)
FN:86,(anonymous_43)
FN:89,(anonymous_44)
FN:89,(anonymous_45)
FN:26,(anonymous_46)
FN:95,(anonymous_47)
FNF:44
FNH:6
FNDA:2,(anonymous_4)
FNDA:0,(anonymous_5)
FNDA:0,(anonymous_6)
FNDA:2,(anonymous_7)
FNDA:2,(anonymous_8)
FNDA:1,(anonymous_9)
FNDA:0,(anonymous_10)
FNDA:1,(anonymous_11)
FNDA:0,(anonymous_12)
FNDA:0,(anonymous_13)
FNDA:0,(anonymous_14)
FNDA:0,(anonymous_15)
FNDA:0,(anonymous_16)
FNDA:0,(anonymous_17)
FNDA:0,(anonymous_18)
FNDA:0,(anonymous_19)
FNDA:0,(anonymous_20)
FNDA:0,(anonymous_21)
FNDA:0,(anonymous_22)
FNDA:0,(anonymous_23)
FNDA:0,(anonymous_24)
FNDA:0,(anonymous_25)
FNDA:0,(anonymous_26)
FNDA:0,(anonymous_27)
FNDA:0,(anonymous_28)
FNDA:0,(anonymous_29)
FNDA:0,(anonymous_30)
FNDA:0,(anonymous_31)
FNDA:0,(anonymous_32)
FNDA:0,(anonymous_33)
FNDA:0,(anonymous_34)
FNDA:0,(anonymous_35)
FNDA:0,(anonymous_36)
FNDA:0,(anonymous_37)
FNDA:0,(anonymous_38)
FNDA:0,(anonymous_39)
FNDA:0,(anonymous_40)
FNDA:0,(anonymous_41)
FNDA:0,(anonymous_42)
FNDA:0,(anonymous_43)
FNDA:0,(anonymous_44)
FNDA:0,(anonymous_45)
FNDA:2,(anonymous_46)
FNDA:0,(anonymous_47)
DA:1,1
DA:2,1
DA:3,1
DA:4,1
DA:5,1
DA:6,1
DA:7,1
DA:8,1
DA:9,1
DA:10,1
DA:11,1
DA:12,1
DA:13,1
DA:15,2
DA:17,1
DA:18,2
DA:20,0
DA:21,1
DA:22,0
DA:26,2
DA:28,1
DA:29,2
DA:31,0
DA:32,1
DA:34,0
DA:35,0
DA:36,0
DA:38,1
DA:41,0
DA:42,1
DA:43,0
DA:46,0
DA:47,1
DA:48,1
DA:49,1
DA:50,1
DA:53,0
DA:54,1
DA:55,0
DA:56,0
DA:57,0
DA:60,0
DA:61,1
DA:62,0
DA:63,0
DA:64,0
DA:67,0
DA:68,1
DA:69,0
DA:72,0
DA:73,1
DA:74,0
DA:77,0
DA:78,1
DA:79,0
DA:80,0
DA:83,0
DA:84,1
DA:86,0
DA:87,1
DA:89,0
DA:90,1
DA:94,1
DA:95,1
LF:64
LH:37
BRF:0
BRH:0
end_of_record
TN:
SF:src\orders\orders.service.ts
FN:14,(anonymous_4)
FN:20,(anonymous_5)
FN:57,(anonymous_6)
FN:75,(anonymous_7)
FN:81,(anonymous_8)
FN:91,(anonymous_9)
FN:96,(anonymous_10)
FN:102,(anonymous_11)
FN:119,(anonymous_12)
FN:132,(anonymous_13)
FN:142,(anonymous_14)
FN:167,(anonymous_15)
FN:168,(anonymous_16)
FN:169,(anonymous_17)
FN:170,(anonymous_18)
FN:173,(anonymous_19)
FN:178,(anonymous_20)
FNF:17
FNH:9
FNDA:7,(anonymous_4)
FNDA:1,(anonymous_5)
FNDA:1,(anonymous_6)
FNDA:4,(anonymous_7)
FNDA:1,(anonymous_8)
FNDA:1,(anonymous_9)
FNDA:1,(anonymous_10)
FNDA:0,(anonymous_11)
FNDA:0,(anonymous_12)
FNDA:1,(anonymous_13)
FNDA:0,(anonymous_14)
FNDA:0,(anonymous_15)
FNDA:0,(anonymous_16)
FNDA:0,(anonymous_17)
FNDA:0,(anonymous_18)
FNDA:0,(anonymous_19)
FNDA:2,(anonymous_20)
DA:1,5
DA:2,5
DA:3,5
DA:4,5
DA:5,5
DA:6,5
DA:13,5
DA:15,7
DA:16,7
DA:17,7
DA:21,1
DA:31,1
DA:32,1
DA:33,1
DA:35,1
DA:36,1
DA:37,1
DA:39,1
DA:46,1
DA:48,1
DA:49,1
DA:52,1
DA:53,1
DA:54,1
DA:58,1
DA:59,1
DA:60,1
DA:61,1
DA:63,1
DA:71,1
DA:72,1
DA:76,4
DA:77,4
DA:78,4
DA:82,1
DA:83,1
DA:84,0
DA:87,1
DA:88,1
DA:92,1
DA:93,1
DA:97,1
DA:98,1
DA:99,0
DA:102,1
DA:103,1
DA:104,0
DA:107,1
DA:108,1
DA:110,1
DA:113,1
DA:115,1
DA:116,1
DA:120,0
DA:121,0
DA:122,0
DA:124,0
DA:125,0
DA:126,0
DA:128,0
DA:129,0
DA:133,1
DA:134,1
DA:135,1
DA:136,1
DA:138,1
DA:139,1
DA:144,0
DA:145,0
DA:146,0
DA:148,0
DA:149,0
DA:150,0
DA:151,0
DA:152,0
DA:154,0
DA:157,0
DA:165,0
DA:167,0
DA:168,0
DA:169,0
DA:170,0
DA:173,0
DA:179,2
DA:180,2
DA:181,2
DA:182,2
DA:183,2
DA:184,0
DA:185,0
DA:187,2
DA:188,2
DA:189,2
LF:93
LH:64
BRDA:26,0,0,1
BRDA:26,0,1,1
BRDA:57,1,0,0
BRDA:58,2,0,1
BRDA:58,2,1,0
BRDA:59,3,0,1
BRDA:59,3,1,0
BRDA:61,4,0,0
BRDA:77,5,0,0
BRDA:83,6,0,0
BRDA:83,7,0,1
BRDA:83,7,1,1
BRDA:98,8,0,0
BRDA:98,9,0,1
BRDA:98,9,1,1
BRDA:103,10,0,0
BRDA:121,11,0,0
BRDA:122,12,0,0
BRDA:134,13,0,0
BRDA:135,14,0,0
BRDA:136,15,0,0
BRDA:149,16,0,0
BRDA:152,17,0,0
BRDA:154,18,0,0
BRDA:154,18,1,0
BRDA:172,19,0,0
BRDA:172,19,1,0
BRDA:180,20,0,0
BRF:28
BRH:8
end_of_record
TN:
SF:src\orders\dto\create-order.input.ts
FN:21,(anonymous_2)
FN:26,(anonymous_3)
FN:53,(anonymous_4)
FN:58,(anonymous_5)
FN:62,(anonymous_6)
FNF:5
FNH:0
FNDA:0,(anonymous_2)
FNDA:0,(anonymous_3)
FNDA:0,(anonymous_4)
FNDA:0,(anonymous_5)
FNDA:0,(anonymous_6)
DA:1,1
DA:2,1
DA:3,1
DA:17,1
DA:20,1
DA:21,0
DA:24,1
DA:26,0
DA:30,1
DA:34,1
DA:39,1
DA:45,1
DA:51,1
DA:53,0
DA:56,1
DA:58,0
DA:62,0
DA:63,1
LF:18
LH:13
BRF:0
BRH:0
end_of_record
TN:
SF:src\orders\dto\update-order.input.ts
FN:26,(anonymous_2)
FN:34,(anonymous_3)
FN:35,(anonymous_4)
FNF:3
FNH:0
FNDA:0,(anonymous_2)
FNDA:0,(anonymous_3)
FNDA:0,(anonymous_4)
DA:1,1
DA:2,1
DA:3,1
DA:4,1
DA:7,1
DA:12,1
DA:18,1
DA:24,1
DA:26,0
DA:29,1
DA:33,1
DA:34,0
DA:35,0
DA:39,1
LF:14
LH:11
BRF:0
BRH:0
end_of_record
TN:
SF:src\orders\entities\order-item.entity.ts
FN:9,(anonymous_2)
FN:13,(anonymous_3)
FN:18,(anonymous_4)
FN:18,(anonymous_5)
FN:22,(anonymous_6)
FN:27,(anonymous_7)
FN:28,(anonymous_8)
FN:32,(anonymous_9)
FN:33,(anonymous_10)
FN:34,(anonymous_11)
FNF:10
FNH:3
FNDA:0,(anonymous_2)
FNDA:0,(anonymous_3)
FNDA:2,(anonymous_4)
FNDA:2,(anonymous_5)
FNDA:0,(anonymous_6)
FNDA:0,(anonymous_7)
FNDA:2,(anonymous_8)
FNDA:0,(anonymous_9)
FNDA:0,(anonymous_10)
FNDA:0,(anonymous_11)
DA:1,14
DA:2,14
DA:3,14
DA:4,14
DA:8,14
DA:9,0
DA:11,14
DA:13,0
DA:15,14
DA:18,2
DA:20,14
DA:22,0
DA:24,14
DA:27,0
DA:28,2
DA:30,14
DA:32,14
DA:33,14
DA:34,14
LF:19
LH:15
BRF:0
BRH:0
end_of_record
TN:
SF:src\orders\entities\order.entity.ts
FN:6,(anonymous_2)
FN:14,(anonymous_3)
FN:23,(anonymous_4)
FN:23,(anonymous_5)
FN:30,(anonymous_6)
FN:33,(anonymous_7)
FN:34,(anonymous_8)
FN:34,(anonymous_9)
FN:37,(anonymous_10)
FN:38,(anonymous_11)
FN:46,(anonymous_12)
FN:47,(anonymous_13)
FN:48,(anonymous_14)
FN:49,(anonymous_15)
FN:50,(anonymous_16)
FNF:15
FNH:5
FNDA:14,(anonymous_2)
FNDA:0,(anonymous_3)
FNDA:2,(anonymous_4)
FNDA:2,(anonymous_5)
FNDA:0,(anonymous_6)
FNDA:0,(anonymous_7)
FNDA:2,(anonymous_8)
FNDA:2,(anonymous_9)
FNDA:0,(anonymous_10)
FNDA:0,(anonymous_11)
FNDA:0,(anonymous_12)
FNDA:0,(anonymous_13)
FNDA:0,(anonymous_14)
FNDA:0,(anonymous_15)
FNDA:0,(anonymous_16)
DA:1,14
DA:2,14
DA:3,14
DA:4,14
DA:6,14
DA:7,14
DA:9,14
DA:13,14
DA:14,0
DA:16,14
DA:20,14
DA:23,2
DA:25,14
DA:27,14
DA:28,14
DA:29,14
DA:30,14
DA:33,0
DA:34,2
DA:35,14
DA:37,14
DA:38,14
DA:40,14
DA:41,14
DA:45,14
DA:46,14
DA:47,14
DA:48,14
DA:49,14
DA:50,14
DA:51,14
LF:31
LH:29
BRDA:6,0,0,14
BRDA:6,0,1,14
BRF:2
BRH:2
end_of_record
TN:
SF:src\products\products.controller.ts
FN:12,(anonymous_4)
FN:16,(anonymous_5)
FN:21,(anonymous_6)
FN:26,(anonymous_7)
FN:31,(anonymous_8)
FN:37,(anonymous_9)
FNF:6
FNH:6
FNDA:1,(anonymous_4)
FNDA:1,(anonymous_5)
FNDA:1,(anonymous_6)
FNDA:1,(anonymous_7)
FNDA:1,(anonymous_8)
FNDA:1,(anonymous_9)
DA:1,1
DA:2,1
DA:3,1
DA:4,1
DA:5,1
DA:6,1
DA:7,1
DA:11,1
DA:12,1
DA:16,1
DA:17,1
DA:21,1
DA:22,1
DA:26,1
DA:27,1
DA:31,1
DA:32,1
DA:37,1
DA:38,1
LF:19
LH:19
BRF:0
BRH:0
end_of_record
TN:
SF:src\products\products.module.ts
FNF:0
FNH:0
DA:1,0
DA:2,0
DA:3,0
DA:4,0
DA:5,0
DA:6,0
DA:7,0
DA:15,0
LF:8
LH:0
BRF:0
BRH:0
end_of_record
TN:
SF:src\products\products.resolver.ts
FN:16,(anonymous_4)
FN:17,(anonymous_5)
FN:22,(anonymous_6)
FN:23,(anonymous_7)
FN:29,(anonymous_8)
FN:35,(anonymous_9)
FN:44,(anonymous_10)
FN:49,(anonymous_11)
FN:55,(anonymous_12)
FN:60,(anonymous_13)
FN:66,(anonymous_14)
FN:34,(anonymous_15)
FN:43,(anonymous_16)
FN:44,(anonymous_17)
FN:48,(anonymous_18)
FN:54,(anonymous_19)
FN:55,(anonymous_20)
FN:59,(anonymous_21)
FN:60,(anonymous_22)
FN:65,(anonymous_23)
FN:65,(anonymous_24)
FN:26,(anonymous_25)
FNF:22
FNH:7
FNDA:0,(anonymous_4)
FNDA:0,(anonymous_5)
FNDA:0,(anonymous_6)
FNDA:0,(anonymous_7)
FNDA:1,(anonymous_8)
FNDA:1,(anonymous_9)
FNDA:1,(anonymous_10)
FNDA:1,(anonymous_11)
FNDA:1,(anonymous_12)
FNDA:1,(anonymous_13)
FNDA:0,(anonymous_14)
FNDA:0,(anonymous_15)
FNDA:0,(anonymous_16)
FNDA:0,(anonymous_17)
FNDA:0,(anonymous_18)
FNDA:0,(anonymous_19)
FNDA:0,(anonymous_20)
FNDA:0,(anonymous_21)
FNDA:0,(anonymous_22)
FNDA:0,(anonymous_23)
FNDA:0,(anonymous_24)
FNDA:2,(anonymous_25)
DA:1,1
DA:2,1
DA:3,1
DA:4,1
DA:5,1
DA:6,1
DA:7,1
DA:8,1
DA:9,1
DA:10,1
DA:11,1
DA:12,1
DA:15,1
DA:16,1
DA:17,1
DA:21,1
DA:22,1
DA:23,1
DA:26,2
DA:28,1
DA:30,1
DA:31,1
DA:34,0
DA:35,1
DA:36,1
DA:37,1
DA:40,1
DA:43,0
DA:44,1
DA:45,1
DA:48,0
DA:49,1
DA:50,1
DA:51,1
DA:54,0
DA:55,1
DA:56,1
DA:59,0
DA:60,1
DA:61,1
DA:62,1
DA:65,0
DA:66,1
DA:67,0
LF:44
LH:37
BRDA:36,0,0,1
BRDA:36,0,1,0
BRDA:38,1,0,1
BRDA:38,1,1,1
BRDA:38,2,0,1
BRDA:38,2,1,1
BRF:6
BRH:5
end_of_record
TN:
SF:src\products\products.service.ts
FN:15,(anonymous_4)
FN:20,(anonymous_5)
FN:32,(anonymous_6)
FN:54,(anonymous_7)
FN:60,(anonymous_8)
FN:68,(anonymous_9)
FN:73,(anonymous_10)
FNF:7
FNH:7
FNDA:6,(anonymous_4)
FNDA:1,(anonymous_5)
FNDA:1,(anonymous_6)
FNDA:4,(anonymous_7)
FNDA:1,(anonymous_8)
FNDA:1,(anonymous_9)
FNDA:1,(anonymous_10)
DA:1,11
DA:2,11
DA:3,11
DA:4,11
DA:14,11
DA:17,6
DA:21,1
DA:22,1
DA:29,1
DA:33,1
DA:34,1
DA:37,1
DA:38,1
DA:39,1
DA:40,1
DA:42,1
DA:49,1
DA:55,4
DA:56,4
DA:57,3
DA:61,1
DA:62,1
DA:64,1
DA:65,1
DA:69,1
DA:70,1
DA:74,1
LF:27
LH:27
BRDA:25,0,0,1
BRDA:25,0,1,0
BRDA:26,1,0,1
BRDA:26,1,1,0
BRDA:27,2,0,1
BRDA:27,2,1,0
BRDA:33,3,0,1
BRDA:33,3,1,0
BRDA:34,4,0,1
BRDA:34,4,1,0
BRDA:38,5,0,0
BRDA:39,6,0,0
BRDA:40,7,0,0
BRDA:56,8,0,1
BRDA:62,9,0,0
BRDA:74,10,0,0
BRF:16
BRH:6
end_of_record
TN:
SF:src\products\dto\create-product.dto.ts
FN:19,(anonymous_2)
FN:24,(anonymous_3)
FN:30,(anonymous_4)
FN:36,(anonymous_5)
FN:56,(anonymous_6)
FNF:5
FNH:0
FNDA:0,(anonymous_2)
FNDA:0,(anonymous_3)
FNDA:0,(anonymous_4)
FNDA:0,(anonymous_5)
FNDA:0,(anonymous_6)
DA:1,1
DA:16,1
DA:17,1
DA:19,1
DA:24,0
DA:25,1
DA:28,1
DA:30,0
DA:34,1
DA:36,0
DA:40,1
DA:45,1
DA:52,1
DA:57,0
DA:58,0
DA:59,0
DA:61,1
LF:17
LH:11
BRDA:24,0,0,0
BRDA:24,0,1,0
BRDA:57,1,0,0
BRDA:58,2,0,0
BRF:4
BRH:0
end_of_record
TN:
SF:src\products\dto\create-product.input.ts
FN:13,(anonymous_2)
FN:16,(anonymous_3)
FN:20,(anonymous_4)
FN:21,(anonymous_5)
FN:27,(anonymous_6)
FN:28,(anonymous_7)
FN:40,(anonymous_8)
FNF:7
FNH:4
FNDA:0,(anonymous_2)
FNDA:1,(anonymous_3)
FNDA:1,(anonymous_4)
FNDA:0,(anonymous_5)
FNDA:1,(anonymous_6)
FNDA:0,(anonymous_7)
FNDA:1,(anonymous_8)
DA:1,1
DA:2,1
DA:3,1
DA:4,1
DA:7,1
DA:13,0
DA:14,1
DA:16,1
DA:18,1
DA:20,1
DA:21,0
DA:25,1
DA:27,1
DA:28,0
DA:32,1
DA:38,1
DA:40,1
DA:46,1
DA:51,1
LF:19
LH:16
BRDA:13,0,0,0
BRDA:13,0,1,0
BRF:2
BRH:0
end_of_record
TN:
SF:src\products\dto\product-query.input.ts
FN:7,(anonymous_2)
FN:13,(anonymous_3)
FN:23,(anonymous_4)
FN:25,(anonymous_5)
FN:30,(anonymous_6)
FN:32,(anonymous_7)
FNF:6
FNH:0
FNDA:0,(anonymous_2)
FNDA:0,(anonymous_3)
FNDA:0,(anonymous_4)
FNDA:0,(anonymous_5)
FNDA:0,(anonymous_6)
FNDA:0,(anonymous_7)
DA:1,1
DA:2,1
DA:3,1
DA:4,1
DA:7,1
DA:11,1
DA:13,0
DA:16,1
DA:21,1
DA:23,0
DA:25,0
DA:28,1
DA:30,0
DA:32,0
DA:36,1
LF:15
LH:10
BRF:0
BRH:0
end_of_record
TN:
SF:src\products\dto\query-product.dto.ts
FN:5,(anonymous_2)
FN:15,(anonymous_3)
FN:24,(anonymous_4)
FN:30,(anonymous_5)
FNF:4
FNH:0
FNDA:0,(anonymous_2)
FNDA:0,(anonymous_3)
FNDA:0,(anonymous_4)
FNDA:0,(anonymous_5)
DA:1,1
DA:2,1
DA:3,1
DA:5,1
DA:8,1
DA:12,1
DA:16,0
DA:17,0
DA:18,0
DA:21,1
DA:24,0
DA:27,1
DA:30,0
DA:34,1
LF:14
LH:9
BRDA:16,0,0,0
BRDA:17,1,0,0
BRF:2
BRH:0
end_of_record
TN:
SF:src\products\dto\update-product.dto.ts
FNF:0
FNH:0
DA:1,1
DA:2,1
DA:5,1
LF:3
LH:3
BRF:0
BRH:0
end_of_record
TN:
SF:src\products\dto\update-product.input.ts
FNF:0
FNH:0
DA:1,1
DA:2,1
DA:5,1
LF:3
LH:3
BRF:0
BRH:0
end_of_record
TN:
SF:src\products\entities\product.entity.ts
FN:5,(anonymous_2)
FN:13,(anonymous_3)
FN:21,(anonymous_4)
FN:21,(anonymous_5)
FN:26,(anonymous_6)
FN:27,(anonymous_7)
FN:28,(anonymous_8)
FN:31,(anonymous_9)
FN:42,(anonymous_10)
FN:45,(anonymous_11)
FN:48,(anonymous_12)
FN:51,(anonymous_13)
FN:54,(anonymous_14)
FNF:13
FNH:3
FNDA:14,(anonymous_2)
FNDA:0,(anonymous_3)
FNDA:2,(anonymous_4)
FNDA:2,(anonymous_5)
FNDA:0,(anonymous_6)
FNDA:0,(anonymous_7)
FNDA:0,(anonymous_8)
FNDA:0,(anonymous_9)
FNDA:0,(anonymous_10)
FNDA:0,(anonymous_11)
FNDA:0,(anonymous_12)
FNDA:0,(anonymous_13)
FNDA:0,(anonymous_14)
DA:1,14
DA:2,14
DA:3,14
DA:5,14
DA:6,14
DA:8,14
DA:12,14
DA:13,0
DA:15,14
DA:19,14
DA:21,2
DA:23,14
DA:25,14
DA:26,14
DA:27,14
DA:28,14
DA:29,14
DA:31,0
DA:33,14
DA:35,14
DA:36,14
DA:37,14
DA:41,14
DA:42,0
DA:43,14
DA:45,0
DA:46,14
DA:48,0
DA:49,14
DA:51,0
DA:52,14
DA:54,0
DA:55,14
DA:58,14
LF:34
LH:27
BRDA:5,0,0,14
BRDA:5,0,1,14
BRF:2
BRH:2
end_of_record
TN:
SF:src\statistics\statistics.controller.ts
FN:9,(anonymous_4)
FN:12,(anonymous_5)
FNF:2
FNH:2
FNDA:1,(anonymous_4)
FNDA:1,(anonymous_5)
DA:1,1
DA:2,1
DA:3,1
DA:4,1
DA:8,1
DA:9,1
DA:12,1
DA:13,1
LF:8
LH:8
BRF:0
BRH:0
end_of_record
TN:
SF:src\statistics\statistics.module.ts
FNF:0
FNH:0
DA:1,0
DA:2,0
DA:3,0
DA:4,0
DA:5,0
DA:6,0
DA:7,0
DA:14,0
LF:8
LH:0
BRF:0
BRH:0
end_of_record
TN:
SF:src\statistics\statistics.resolver.ts
FN:10,(anonymous_4)
FN:13,(anonymous_5)
FN:12,(anonymous_6)
FNF:3
FNH:2
FNDA:1,(anonymous_4)
FNDA:1,(anonymous_5)
FNDA:0,(anonymous_6)
DA:1,1
DA:2,1
DA:3,1
DA:4,1
DA:5,1
DA:9,1
DA:10,1
DA:12,0
DA:13,1
DA:14,1
LF:10
LH:9
BRF:0
BRH:0
end_of_record
TN:
SF:src\statistics\statistics.service.ts
FN:11,(anonymous_2)
FN:12,(anonymous_3)
FN:13,(anonymous_4)
FN:14,(anonymous_5)
FN:22,(anonymous_6)
FN:23,(anonymous_7)
FN:28,(anonymous_8)
FN:29,(anonymous_9)
FN:30,(anonymous_10)
FN:31,(anonymous_11)
FN:32,(anonymous_12)
FN:33,(anonymous_13)
FN:34,(anonymous_14)
FN:35,(anonymous_15)
FN:40,(anonymous_16)
FN:41,(anonymous_17)
FN:42,(anonymous_18)
FN:43,(anonymous_19)
FN:44,(anonymous_20)
FN:45,(anonymous_21)
FN:46,(anonymous_22)
FN:47,(anonymous_23)
FN:48,(anonymous_24)
FN:53,(anonymous_25)
FN:58,(anonymous_26)
FN:63,(anonymous_27)
FN:65,(anonymous_28)
FN:66,(anonymous_29)
FN:67,(anonymous_30)
FN:68,(anonymous_31)
FNF:30
FNH:7
FNDA:0,(anonymous_2)
FNDA:0,(anonymous_3)
FNDA:0,(anonymous_4)
FNDA:0,(anonymous_5)
FNDA:0,(anonymous_6)
FNDA:0,(anonymous_7)
FNDA:0,(anonymous_8)
FNDA:0,(anonymous_9)
FNDA:0,(anonymous_10)
FNDA:0,(anonymous_11)
FNDA:0,(anonymous_12)
FNDA:0,(anonymous_13)
FNDA:0,(anonymous_14)
FNDA:0,(anonymous_15)
FNDA:0,(anonymous_16)
FNDA:0,(anonymous_17)
FNDA:0,(anonymous_18)
FNDA:0,(anonymous_19)
FNDA:0,(anonymous_20)
FNDA:0,(anonymous_21)
FNDA:0,(anonymous_22)
FNDA:0,(anonymous_23)
FNDA:0,(anonymous_24)
FNDA:1,(anonymous_25)
FNDA:1,(anonymous_26)
FNDA:2,(anonymous_27)
FNDA:2,(anonymous_28)
FNDA:2,(anonymous_29)
FNDA:2,(anonymous_30)
FNDA:2,(anonymous_31)
DA:1,3
DA:2,3
DA:3,3
DA:4,3
DA:5,3
DA:10,3
DA:11,3
DA:12,3
DA:13,3
DA:14,3
DA:18,3
DA:19,3
DA:20,3
DA:21,3
DA:22,3
DA:23,3
DA:27,3
DA:28,3
DA:29,3
DA:30,3
DA:31,3
DA:32,3
DA:33,3
DA:34,3
DA:35,3
DA:39,3
DA:40,3
DA:41,3
DA:42,3
DA:43,3
DA:44,3
DA:45,3
DA:46,3
DA:47,3
DA:48,3
DA:52,3
DA:54,1
DA:55,1
DA:60,1
DA:62,1
DA:63,2
DA:64,1
DA:65,2
DA:66,2
DA:67,2
DA:68,2
DA:70,1
DA:71,1
DA:72,2
DA:73,2
DA:78,1
LF:51
LH:51
BRDA:68,0,0,1
BRDA:68,0,1,0
BRDA:72,1,0,2
BRDA:72,1,1,2
BRF:4
BRH:3
end_of_record
